<?xml version="1.0" encoding="UTF-8"?>
<!-- Generated by org.testng.reporters.JUnitReportReporter -->
<testsuite hostname="ER2301053" failures="0" tests="1" name="DemoRestAssured.PostRequest" time="2.493" errors="0" timestamp="2023-01-27T17:44:29 IST" skipped="0">
  <testcase classname="DemoRestAssured.PostRequest" name="CreateRequest" time="2.493"/>
  <system-out/>
</testsuite> <!-- DemoRestAssured.PostRequest -->
