<?xml version="1.0" encoding="UTF-8"?>
<!-- Generated by org.testng.reporters.JUnitReportReporter -->
<testsuite hostname="ER2301053" failures="0" tests="1" name="GetAPI.GetRequest" time="2.242" errors="0" timestamp="2023-01-27T11:21:17 IST" skipped="0">
  <testcase classname="GetAPI.GetRequest" name="getrequest" time="2.242"/>
  <system-out/>
</testsuite> <!-- GetAPI.GetRequest -->
