<?xml version="1.0" encoding="UTF-8"?>
<!-- Generated by org.testng.reporters.JUnitReportReporter -->
<testsuite hostname="ER2301053" failures="0" tests="2" name="DemoRestAssured.GetId" time="3.765" errors="0" timestamp="2023-01-27T17:56:59 IST" skipped="0">
  <testcase classname="DemoRestAssured.GetId" name="post_id" time="3.007"/>
  <system-out/>
  <testcase classname="DemoRestAssured.GetId" name="Updateuser" time="0.758"/>
  <system-out/>
</testsuite> <!-- DemoRestAssured.GetId -->
