<?xml version="1.0" encoding="UTF-8"?>
<!-- Generated by org.testng.reporters.JUnitReportReporter -->
<testsuite hostname="ER2301053" failures="0" tests="2" name="DemoRestAssured.GetRequest" time="2.920" errors="0" timestamp="2023-01-27T15:58:02 IST" skipped="0">
  <testcase classname="DemoRestAssured.GetRequest" name="Getuser" time="2.686"/>
  <system-out/>
  <testcase classname="DemoRestAssured.GetRequest" name="getrequest" time="0.234"/>
  <system-out/>
</testsuite> <!-- DemoRestAssured.GetRequest -->
